0 info it worked if it ends with ok
1 verbose cli [ '/usr/local/bin/node',
1 verbose cli   '/usr/local/bin/npm',
1 verbose cli   'install',
1 verbose cli   '-g',
1 verbose cli   'ionic' ]
2 info using npm@2.14.7
3 info using node@v4.2.1
4 verbose install initial load of /usr/local/lib/package.json
5 verbose readDependencies loading dependencies from /usr/local/lib/package.json
6 silly cache add args [ 'ionic', null ]
7 verbose cache add spec ionic
8 silly cache add parsed spec Result {
8 silly cache add   raw: 'ionic',
8 silly cache add   scope: null,
8 silly cache add   name: 'ionic',
8 silly cache add   rawSpec: '',
8 silly cache add   spec: '*',
8 silly cache add   type: 'range' }
9 silly addNamed ionic@*
10 verbose addNamed "*" is a valid semver range for ionic
11 silly addNameRange { name: 'ionic', range: '*', hasData: false }
12 silly mapToRegistry name ionic
13 silly mapToRegistry using default registry
14 silly mapToRegistry registry https://registry.npmjs.org/
15 silly mapToRegistry uri https://registry.npmjs.org/ionic
16 verbose addNameRange registry:https://registry.npmjs.org/ionic not in flight; fetching
17 verbose request uri https://registry.npmjs.org/ionic
18 verbose request no auth needed
19 info attempt registry request try #1 at 4:52:19 PM
20 verbose request id 4db1932741705d93
21 verbose etag "9P2T1O8743HQS0A5DH9P5THXJ"
22 http request GET https://registry.npmjs.org/ionic
23 http 200 https://registry.npmjs.org/ionic
24 verbose headers { server: 'CouchDB/1.5.0 (Erlang OTP/R16B03)',
24 verbose headers   etag: '"9L6EYPDONCR2HLDGADNV379K3"',
24 verbose headers   'content-type': 'application/json',
24 verbose headers   'cache-control': 'max-age=60',
24 verbose headers   'content-length': '603071',
24 verbose headers   'accept-ranges': 'bytes',
24 verbose headers   date: 'Wed, 18 Nov 2015 21:52:19 GMT',
24 verbose headers   via: '1.1 varnish',
24 verbose headers   age: '0',
24 verbose headers   connection: 'keep-alive',
24 verbose headers   'x-served-by': 'cache-iad2144-IAD',
24 verbose headers   'x-cache': 'HIT',
24 verbose headers   'x-cache-hits': '1',
24 verbose headers   'x-timer': 'S1447883539.664930,VS0,VE99',
24 verbose headers   vary: 'Accept' }
25 silly get cb [ 200,
25 silly get   { server: 'CouchDB/1.5.0 (Erlang OTP/R16B03)',
25 silly get     etag: '"9L6EYPDONCR2HLDGADNV379K3"',
25 silly get     'content-type': 'application/json',
25 silly get     'cache-control': 'max-age=60',
25 silly get     'content-length': '603071',
25 silly get     'accept-ranges': 'bytes',
25 silly get     date: 'Wed, 18 Nov 2015 21:52:19 GMT',
25 silly get     via: '1.1 varnish',
25 silly get     age: '0',
25 silly get     connection: 'keep-alive',
25 silly get     'x-served-by': 'cache-iad2144-IAD',
25 silly get     'x-cache': 'HIT',
25 silly get     'x-cache-hits': '1',
25 silly get     'x-timer': 'S1447883539.664930,VS0,VE99',
25 silly get     vary: 'Accept' } ]
26 verbose get saving ionic to /Users/lovissa/.npm/registry.npmjs.org/ionic/.cache.json
27 silly addNameRange number 2 { name: 'ionic', range: '*', hasData: true }
28 silly addNameRange versions [ 'ionic',
28 silly addNameRange   [ '0.9.6',
28 silly addNameRange     '0.9.8',
28 silly addNameRange     '0.9.9',
28 silly addNameRange     '0.9.10',
28 silly addNameRange     '0.9.11',
28 silly addNameRange     '0.9.12',
28 silly addNameRange     '0.9.13',
28 silly addNameRange     '0.9.14',
28 silly addNameRange     '0.9.15',
28 silly addNameRange     '0.9.16',
28 silly addNameRange     '1.0.0-beta.1',
28 silly addNameRange     '1.0.0-beta',
28 silly addNameRange     '1.0.1-beta',
28 silly addNameRange     '1.0.3-beta',
28 silly addNameRange     '1.0.4',
28 silly addNameRange     '1.0.5',
28 silly addNameRange     '1.0.6',
28 silly addNameRange     '1.0.7',
28 silly addNameRange     '1.0.8',
28 silly addNameRange     '1.0.9',
28 silly addNameRange     '1.0.10',
28 silly addNameRange     '1.0.11',
28 silly addNameRange     '1.0.12',
28 silly addNameRange     '1.0.13',
28 silly addNameRange     '1.0.14',
28 silly addNameRange     '1.0.15',
28 silly addNameRange     '1.0.16',
28 silly addNameRange     '1.0.17',
28 silly addNameRange     '1.1.0-beta1',
28 silly addNameRange     '1.1.0-beta2',
28 silly addNameRange     '1.1.0-beta3',
28 silly addNameRange     '1.1.0-beta4',
28 silly addNameRange     '1.1.0-beta5',
28 silly addNameRange     '1.1.0-beta6',
28 silly addNameRange     '1.1.0',
28 silly addNameRange     '1.1.1-beta1',
28 silly addNameRange     '1.1.1-beta2',
28 silly addNameRange     '1.1.1-beta3',
28 silly addNameRange     '1.1.1',
28 silly addNameRange     '1.1.3',
28 silly addNameRange     '1.1.4',
28 silly addNameRange     '1.1.5-beta1',
28 silly addNameRange     '1.1.5-beta2',
28 silly addNameRange     '1.1.5-beta3',
28 silly addNameRange     '1.1.5-beta4',
28 silly addNameRange     '1.1.5-beta5',
28 silly addNameRange     '1.1.5',
28 silly addNameRange     '1.1.6',
28 silly addNameRange     '1.1.7-beta1',
28 silly addNameRange     '1.1.7',
28 silly addNameRange     '1.1.8-beta1',
28 silly addNameRange     '1.1.8-beta2',
28 silly addNameRange     '1.1.8-beta3',
28 silly addNameRange     '1.1.8-beta4',
28 silly addNameRange     '1.1.8-beta5',
28 silly addNameRange     '1.1.8',
28 silly addNameRange     '1.1.9-beta1',
28 silly addNameRange     '1.1.9',
28 silly addNameRange     '1.1.10',
28 silly addNameRange     '1.1.11-beta1',
28 silly addNameRange     '1.1.11-beta2',
28 silly addNameRange     '1.1.11',
28 silly addNameRange     '1.1.12-beta1',
28 silly addNameRange     '1.1.12-beta2',
28 silly addNameRange     '1.1.12-beta3',
28 silly addNameRange     '1.1.12',
28 silly addNameRange     '1.1.13',
28 silly addNameRange     '1.1.14-beta1',
28 silly addNameRange     '1.1.14-beta2',
28 silly addNameRange     '1.1.14-beta3',
28 silly addNameRange     '1.2.0-beta1',
28 silly addNameRange     '1.2.0',
28 silly addNameRange     '1.2.1-beta1',
28 silly addNameRange     '1.2.1-beta2',
28 silly addNameRange     '1.2.1-beta3',
28 silly addNameRange     '1.2.1-beta4',
28 silly addNameRange     '1.2.1',
28 silly addNameRange     '1.2.2',
28 silly addNameRange     '1.2.3-beta1',
28 silly addNameRange     '1.2.3-beta2',
28 silly addNameRange     '1.2.3-beta3',
28 silly addNameRange     '1.2.3',
28 silly addNameRange     '1.2.4-beta1',
28 silly addNameRange     '1.2.4-beta2',
28 silly addNameRange     '1.2.4-beta3',
28 silly addNameRange     '1.2.4',
28 silly addNameRange     '1.2.5-beta1',
28 silly addNameRange     '1.2.5-beta2',
28 silly addNameRange     '1.2.5-beta3',
28 silly addNameRange     '1.2.5',
28 silly addNameRange     '1.2.6-beta1',
28 silly addNameRange     '1.2.6-beta2',
28 silly addNameRange     '1.2.6-beta3',
28 silly addNameRange     '1.2.6',
28 silly addNameRange     '1.2.7',
28 silly addNameRange     '1.2.8-beta1',
28 silly addNameRange     '1.2.8-beta2',
28 silly addNameRange     '1.2.8',
28 silly addNameRange     '1.2.9',
28 silly addNameRange     '1.2.10',
28 silly addNameRange     '1.2.11',
28 silly addNameRange     '1.2.12',
28 silly addNameRange     '1.2.13',
28 silly addNameRange     '1.2.14-beta1',
28 silly addNameRange     '1.2.14-beta2',
28 silly addNameRange     '1.2.14-beta3',
28 silly addNameRange     '1.2.14-beta4',
28 silly addNameRange     '1.2.14-beta5',
28 silly addNameRange     '1.2.14-beta6',
28 silly addNameRange     '1.2.14',
28 silly addNameRange     '1.3.0-beta1',
28 silly addNameRange     '1.3.0',
28 silly addNameRange     '1.3.1',
28 silly addNameRange     '1.3.2',
28 silly addNameRange     '1.3.3',
28 silly addNameRange     '1.3.4',
28 silly addNameRange     '1.3.5',
28 silly addNameRange     '1.3.6',
28 silly addNameRange     '1.3.7',
28 silly addNameRange     '1.3.8',
28 silly addNameRange     '1.3.9',
28 silly addNameRange     '1.3.10',
28 silly addNameRange     '1.4.0-alpha.1',
28 silly addNameRange     '1.3.11',
28 silly addNameRange     '1.3.1-1.alpha.0',
28 silly addNameRange     '1.4.0-alpha.2',
28 silly addNameRange     '1.3.12',
28 silly addNameRange     '1.3.12-beta.1',
28 silly addNameRange     '1.3.12-beta.2',
28 silly addNameRange     '1.3.13-beta.0',
28 silly addNameRange     '1.3.1-3.beta.1',
28 silly addNameRange     '1.3.1-3.beta.2',
28 silly addNameRange     '1.3.13',
28 silly addNameRange     '1.3.1-3.beta.4',
28 silly addNameRange     '1.3.14-beta',
28 silly addNameRange     '1.3.14-beta.1',
28 silly addNameRange     '1.4.0-alpha.3',
28 silly addNameRange     '1.3.14',
28 silly addNameRange     '1.4.0-alpha.4',
28 silly addNameRange     '1.4.0-alpha.5',
28 silly addNameRange     '1.3.15-beta.0',
28 silly addNameRange     '1.3.15-beta.1',
28 silly addNameRange     '1.3.15-beta.2',
28 silly addNameRange     '1.3.15-beta.3',
28 silly addNameRange     '1.3.15-beta.4',
28 silly addNameRange     '1.3.15',
28 silly addNameRange     '1.3.16',
28 silly addNameRange     '1.4.0-alpha.6',
28 silly addNameRange     '1.3.17-beta.0',
28 silly addNameRange     '1.3.17-beta.1',
28 silly addNameRange     '1.3.17-beta.2',
28 silly addNameRange     '1.3.17-beta.3',
28 silly addNameRange     '1.3.1-7.beta.4',
28 silly addNameRange     '1.3.17',
28 silly addNameRange     '1.3.18-beta.0',
28 silly addNameRange     '1.3.18-beta.1',
28 silly addNameRange     '1.3.18-beta.2',
28 silly addNameRange     '1.3.18-beta.3',
28 silly addNameRange     '1.3.18',
28 silly addNameRange     '1.3.19-beta.0',
28 silly addNameRange     '1.3.19-beta.1',
28 silly addNameRange     '1.3.19-beta.2',
28 silly addNameRange     '1.3.19-beta.3',
28 silly addNameRange     '1.3.19-beta.4',
28 silly addNameRange     '1.3.19',
28 silly addNameRange     '1.3.20',
28 silly addNameRange     '1.4.1-beta.0',
28 silly addNameRange     '1.4.0-beta.1',
28 silly addNameRange     '1.4.0-beta.2',
28 silly addNameRange     '1.4.0-beta.3',
28 silly addNameRange     '1.4.0-beta.5',
28 silly addNameRange     '1.4.0-beta.6',
28 silly addNameRange     '1.4.0-beta.7',
28 silly addNameRange     '1.3.21-beta.0',
28 silly addNameRange     '1.3.21-beta.1',
28 silly addNameRange     '1.3.21',
28 silly addNameRange     '1.3.22',
28 silly addNameRange     '1.4.0-beta.8',
28 silly addNameRange     '1.4.0-beta.9',
28 silly addNameRange     '1.4.0-beta.10',
28 silly addNameRange     '1.4.0-beta.11',
28 silly addNameRange     '1.4.0-beta.12',
28 silly addNameRange     '1.4.0-beta.13',
28 silly addNameRange     '1.4.0-beta.14',
28 silly addNameRange     '1.4.0-beta.15',
28 silly addNameRange     '1.4.0-beta.16',
28 silly addNameRange     '1.4.0-beta.17',
28 silly addNameRange     '1.4.0-beta.18',
28 silly addNameRange     '1.4.0',
28 silly addNameRange     '1.4.1',
28 silly addNameRange     '1.4.2',
28 silly addNameRange     '1.4.3',
28 silly addNameRange     '1.4.4-beta.0',
28 silly addNameRange     '1.4.4-beta.2',
28 silly addNameRange     '1.4.4',
28 silly addNameRange     '1.4.5-beta.0',
28 silly addNameRange     '1.4.5-beta.1',
28 silly addNameRange     '1.4.5-beta.2',
28 silly addNameRange     '1.4.5-beta.3',
28 silly addNameRange     '1.4.5',
28 silly addNameRange     '1.4.6-beta.0',
28 silly addNameRange     '1.4.6',
28 silly addNameRange     '1.4.7',
28 silly addNameRange     '1.4.8',
28 silly addNameRange     '1.5.0-beta.0',
28 silly addNameRange     '1.5.0-beta.1',
28 silly addNameRange     '1.5.0',
28 silly addNameRange     '1.5.1-beta.0',
28 silly addNameRange     '1.5.1-beta.1',
28 silly addNameRange     '1.5.1-beta.2',
28 silly addNameRange     '1.5.1-beta.3',
28 silly addNameRange     '1.5.1-beta.4',
28 silly addNameRange     '1.5.1',
28 silly addNameRange     '1.5.2',
28 silly addNameRange     '1.5.3',
28 silly addNameRange     '1.5.4',
28 silly addNameRange     '1.5.5',
28 silly addNameRange     '1.6.0-beta.1',
28 silly addNameRange     '1.6.0',
28 silly addNameRange     '1.6.1',
28 silly addNameRange     '1.6.2-beta.0',
28 silly addNameRange     '1.6.2-beta.1',
28 silly addNameRange     '1.6.2-beta.2',
28 silly addNameRange     '1.6.2',
28 silly addNameRange     '1.6.3-beta.0',
28 silly addNameRange     '1.6.3-beta.1',
28 silly addNameRange     '1.6.3',
28 silly addNameRange     '1.6.4-beta.0',
28 silly addNameRange     '1.6.4-beta.1',
28 silly addNameRange     '1.6.4',
28 silly addNameRange     '1.7.0-beta.0',
28 silly addNameRange     '1.7.0-beta.1',
28 silly addNameRange     '1.7.0-beta.2',
28 silly addNameRange     '1.7.0-beta.3',
28 silly addNameRange     '2.0.0-alpha.1',
28 silly addNameRange     '2.0.0-alpha.3',
28 silly addNameRange     '1.7.0-beta.4',
28 silly addNameRange     '1.6.5-testing.0',
28 silly addNameRange     '1.6.5-testing.1',
28 silly addNameRange     '1.6.5-testing.2',
28 silly addNameRange     '1.6.5-testing.3',
28 silly addNameRange     '1.6.5',
28 silly addNameRange     '2.0.0-alpha.4',
28 silly addNameRange     '1.7.0-beta.5',
28 silly addNameRange     '1.7.0-beta.6',
28 silly addNameRange     '1.7.0',
28 silly addNameRange     '2.0.0-alpha.5',
28 silly addNameRange     '2.0.0-alpha.6',
28 silly addNameRange     '1.7.1',
28 silly addNameRange     '2.0.0-alpha.7',
28 silly addNameRange     '2.0.0-alpha.8',
28 silly addNameRange     '1.7.2',
28 silly addNameRange     '1.7.3',
28 silly addNameRange     '1.7.4',
28 silly addNameRange     '1.7.5',
28 silly addNameRange     '1.7.6',
28 silly addNameRange     '1.7.7-beta.0',
28 silly addNameRange     '2.0.0-alpha.9',
28 silly addNameRange     '1.7.7',
28 silly addNameRange     '2.0.0-alpha.10',
28 silly addNameRange     '2.0.0-alpha.11',
28 silly addNameRange     '2.0.0-alpha.12',
28 silly addNameRange     '2.0.0-alpha.13',
28 silly addNameRange     '2.0.0-alpha.14',
28 silly addNameRange     '2.0.0-alpha.15',
28 silly addNameRange     '2.0.0-alpha.16',
28 silly addNameRange     '2.0.0-alpha.17',
28 silly addNameRange     '2.0.0-alpha.18',
28 silly addNameRange     '1.7.8-beta.0',
28 silly addNameRange     '1.7.8-beta.1',
28 silly addNameRange     '1.7.8-beta.2',
28 silly addNameRange     '1.7.8-beta.3',
28 silly addNameRange     '1.7.8',
28 silly addNameRange     '2.0.0-alpha.19',
28 silly addNameRange     '2.0.0-alpha.20',
28 silly addNameRange     '2.0.0-alpha.21',
28 silly addNameRange     '2.0.0-alpha.22',
28 silly addNameRange     '2.0.0-alpha.23',
28 silly addNameRange     '1.7.9',
28 silly addNameRange     '1.7.10' ] ]
29 silly addNamed ionic@1.7.10
30 verbose addNamed "1.7.10" is a plain semver version for ionic
31 silly mapToRegistry name ionic
32 silly mapToRegistry using default registry
33 silly mapToRegistry registry https://registry.npmjs.org/
34 silly mapToRegistry uri https://registry.npmjs.org/ionic
35 verbose addRemoteTarball https://registry.npmjs.org/ionic/-/ionic-1.7.10.tgz not in flight; adding
36 verbose addRemoteTarball [ 'https://registry.npmjs.org/ionic/-/ionic-1.7.10.tgz',
36 verbose addRemoteTarball   'c6d5dba712255aa5c98059bac31fe28e78b97a25' ]
37 info retry fetch attempt 1 at 4:52:19 PM
38 info attempt registry request try #1 at 4:52:19 PM
39 http fetch GET https://registry.npmjs.org/ionic/-/ionic-1.7.10.tgz
40 http fetch 200 https://registry.npmjs.org/ionic/-/ionic-1.7.10.tgz
41 silly fetchAndShaCheck shasum c6d5dba712255aa5c98059bac31fe28e78b97a25
42 verbose addTmpTarball /var/folders/t3/zcg8jdjx5h333n0s1_z_n0zc0000gn/T/npm-91252-ace1e816/registry.npmjs.org/ionic/-/ionic-1.7.10.tgz not in flight; adding
43 verbose addTmpTarball already have metadata; skipping unpack for ionic@1.7.10
44 silly cache afterAdd ionic@1.7.10
45 verbose afterAdd /Users/lovissa/.npm/ionic/1.7.10/package/package.json not in flight; writing
46 verbose afterAdd /Users/lovissa/.npm/ionic/1.7.10/package/package.json written
47 silly install resolved [ { name: 'ionic',
47 silly install resolved     version: '1.7.10',
47 silly install resolved     preferGlobal: true,
47 silly install resolved     description: 'A tool for creating and developing Ionic Framework mobile apps.',
47 silly install resolved     homepage: 'http://ionicframework.com/',
47 silly install resolved     bin: { ionic: 'bin/ionic' },
47 silly install resolved     scripts:
47 silly install resolved      { bump: 'node lib/tasks/bumpversion',
47 silly install resolved        'beta-bump': 'node lib/tasks/bumpversion --level pre --identifier beta',
47 silly install resolved        'publish-release': 'node lib/tasks/bumpversion --npmPublish',
47 silly install resolved        'publish-tag': 'node lib/tasks/bumpversion --level beta --npmPublishTag',
47 silly install resolved        'full-release': 'node lib/tasks/bumpversion --npmInstall --git --npmPublish',
47 silly install resolved        test: 'npm run jasmine',
47 silly install resolved        e2e: 'jasmine-node --captureExceptions ./e2e',
47 silly install resolved        jasmine: 'jasmine-node --captureExceptions  ./spec' },
47 silly install resolved     keywords:
47 silly install resolved      [ 'ionic',
47 silly install resolved        'ionic framework',
47 silly install resolved        'ionicframework',
47 silly install resolved        'mobile',
47 silly install resolved        'app',
47 silly install resolved        'hybrid',
47 silly install resolved        'cordova',
47 silly install resolved        'phonegap' ],
47 silly install resolved     repository:
47 silly install resolved      { type: 'git',
47 silly install resolved        url: 'https://github.com/driftyco/ionic-cli.git' },
47 silly install resolved     contributors: [ [Object], [Object], [Object], [Object] ],
47 silly install resolved     license: 'MIT',
47 silly install resolved     dependencies:
47 silly install resolved      { async: '^0.9.0',
47 silly install resolved        cheerio: '^0.19.0',
47 silly install resolved        'cli-table': '^0.3.1',
47 silly install resolved        colors: '0.6.2',
47 silly install resolved        connect: '3.1.1',
47 silly install resolved        'connect-livereload': '0.5.2',
47 silly install resolved        crc: '3.2.1',
47 silly install resolved        'cross-spawn': '0.2.3',
47 silly install resolved        'event-stream': '3.0.x',
47 silly install resolved        'expand-tilde': '^1.2.0',
47 silly install resolved        finalhandler: '0.2.0',
47 silly install resolved        'form-data': '0.1.4',
47 silly install resolved        gulp: '3.8.8',
47 silly install resolved        'ionic-app-lib': '0.6.5',
47 silly install resolved        moment: '^2.10.6',
47 silly install resolved        ncp: '0.4.2',
47 silly install resolved        npm: '2.1.3',
47 silly install resolved        open: '0.0.5',
47 silly install resolved        optimist: '0.6.0',
47 silly install resolved        progress: '1.1.7',
47 silly install resolved        prompt: '0.2.12',
47 silly install resolved        'proxy-middleware': '^0.7.0',
47 silly install resolved        q: '1.0.1',
47 silly install resolved        request: '2.51.0',
47 silly install resolved        semver: '^4.2.0',
47 silly install resolved        'serve-static': '1.7.1',
47 silly install resolved        shelljs: '0.2.6',
47 silly install resolved        'tiny-lr-fork': '0.0.5',
47 silly install resolved        underscore: '~1.7.0',
47 silly install resolved        unzip: '0.1.9',
47 silly install resolved        'vinyl-fs': '0.3.7',
47 silly install resolved        xml2js: '0.4.4' },
47 silly install resolved     devDependencies: { 'jasmine-node': '^1.14.5', rewire: '^2.3.4' },
47 silly install resolved     gitHead: '12d5964d4369c6b6146dc0f0ec9fa2f3e8806224',
47 silly install resolved     bugs: { url: 'https://github.com/driftyco/ionic-cli/issues' },
47 silly install resolved     _id: 'ionic@1.7.10',
47 silly install resolved     _shasum: 'c6d5dba712255aa5c98059bac31fe28e78b97a25',
47 silly install resolved     _from: 'ionic@*',
47 silly install resolved     _npmVersion: '2.14.7',
47 silly install resolved     _nodeVersion: '4.2.2',
47 silly install resolved     _npmUser: { name: 'drifty', email: 'max@drifty.com' },
47 silly install resolved     dist:
47 silly install resolved      { shasum: 'c6d5dba712255aa5c98059bac31fe28e78b97a25',
47 silly install resolved        tarball: 'http://registry.npmjs.org/ionic/-/ionic-1.7.10.tgz' },
47 silly install resolved     maintainers: [ [Object], [Object], [Object], [Object], [Object] ],
47 silly install resolved     directories: {},
47 silly install resolved     _resolved: 'https://registry.npmjs.org/ionic/-/ionic-1.7.10.tgz' } ]
48 info install ionic@1.7.10 into /usr/local/lib
49 info installOne ionic@1.7.10
50 verbose installOne of ionic to /usr/local/lib not in flight; installing
51 verbose lock using /Users/lovissa/.npm/_locks/ionic-61c0cd50dc7a1457.lock for /usr/local/lib/node_modules/ionic
52 silly install write writing ionic 1.7.10 to /usr/local/lib/node_modules/ionic
53 verbose unbuild lib/node_modules/ionic
54 info preuninstall ionic@1.7.1
55 info uninstall ionic@1.7.1
56 verbose unbuild rmStuff ionic@1.7.1 from /usr/local/lib/node_modules
57 silly gentlyRm /usr/local/bin/ionic is being gently removed
58 silly gentlyRm verifying /usr/local is an npm working directory
59 silly gentlyRm containing path /usr/local is under npm's control, in /usr/local
60 silly gentlyRm deletion target /usr/local/bin/ionic is under /usr/local
61 verbose gentlyRm vacuuming from /usr/local/bin/ionic up to /usr/local
62 silly vacuum-fs removing /usr/local/bin/ionic
63 verbose unlock done using /Users/lovissa/.npm/_locks/ionic-61c0cd50dc7a1457.lock for /usr/local/lib/node_modules/ionic
64 verbose stack Error: EACCES: permission denied, unlink '/usr/local/bin/ionic'
64 verbose stack     at Error (native)
65 verbose cwd /Users/lovissa/Desktop/github/Huddle/Huddle-I
66 error Darwin 15.0.0
67 error argv "/usr/local/bin/node" "/usr/local/bin/npm" "install" "-g" "ionic"
68 error node v4.2.1
69 error npm  v2.14.7
70 error path /usr/local/bin/ionic
71 error code EACCES
72 error errno -13
73 error syscall unlink
74 error Error: EACCES: permission denied, unlink '/usr/local/bin/ionic'
74 error     at Error (native)
74 error  { [Error: EACCES: permission denied, unlink '/usr/local/bin/ionic']
74 error   errno: -13,
74 error   code: 'EACCES',
74 error   syscall: 'unlink',
74 error   path: '/usr/local/bin/ionic' }
75 error Please try running this command again as root/Administrator.
76 verbose exit [ -13, true ]
77 verbose unbuild lib/node_modules/ionic
78 info preuninstall ionic@1.7.1
79 info uninstall ionic@1.7.1
80 verbose unbuild rmStuff ionic@1.7.1 from /usr/local/lib/node_modules
81 silly gentlyRm /usr/local/bin/ionic is being gently removed
82 silly gentlyRm verifying /usr/local is an npm working directory
83 silly gentlyRm containing path /usr/local is under npm's control, in /usr/local
84 silly gentlyRm deletion target /usr/local/bin/ionic is under /usr/local
85 verbose gentlyRm vacuuming from /usr/local/bin/ionic up to /usr/local
86 silly vacuum-fs removing /usr/local/bin/ionic
87 error error rolling back Error: EACCES: permission denied, unlink '/usr/local/bin/ionic'
87 error error rolling back     at Error (native)
87 error error rolling back  { [Error: EACCES: permission denied, unlink '/usr/local/bin/ionic']
87 error error rolling back   errno: -13,
87 error error rolling back   code: 'EACCES',
87 error error rolling back   syscall: 'unlink',
87 error error rolling back   path: '/usr/local/bin/ionic' }
